[29 ott 2019 15:39:42] Building database metadata model
[29 ott 2019 15:39:42] Properties: {partialRefresh=false, processColumnsUsingSelect=, includePrimaryKeys=true, eventSocketClient=com.webratio.commons.net.EventSocketClient@7ad65173, includeTables=true, username=root, outputLogPath=C:\WebRatio\WebRatio Platform 7.2.18.x64bit\workspace\SanitarySystemProject\.Temp~\DB.xml.log, readIndexes=null, driverClass=com.mysql.jdbc.Driver, includeSynonyms=true, metaDataProviderClass=com.webratio.commons.db.metadata.MySQLMetaDataProvider, outputPath=C:\WebRatio\WebRatio Platform 7.2.18.x64bit\workspace\SanitarySystemProject\.Temp~\DB.xml, schemaRegex=null, readProcedures=null, includeViews=true, derby.system.home=C:\WebRatio\WebRatio Platform 7.2.18.x64bit\workspace\.metadata\.plugins\com.webratio.commons.db\derby, url=jdbc:mysql://localhost:3306/hospital, tableRegex=null, readSQLDefinitions=true, includeForeignKeys=false, retrieveAllNames=false, tablesToRefresh=, eventSocketPort=49524}
[29 ott 2019 15:39:42] URL: jdbc:mysql://localhost:3306/hospital
[29 ott 2019 15:39:42] Product name: MySQL
[29 ott 2019 15:39:42] Product version: 5.7.26-log
[29 ott 2019 15:39:42] Driver name: MySQL Connector Java
[29 ott 2019 15:39:42] Driver version: mysql-connector-java-5.1.31 ( Revision: alexander.soklakov@oracle.com-20140520065950-groqzzbvxprqdmnz )
[29 ott 2019 15:39:42] Driver major version: 5
[29 ott 2019 15:39:42] Driver minor version: 1
[29 ott 2019 15:39:42] Identifier quote string: 1
[29 ott 2019 15:39:42] Retrieving schemas
[29 ott 2019 15:39:42] Retrieving [TABLE, VIEW, SYNONYM] for schema ''
[29 ott 2019 15:39:42]   Found 'action' [type = TABLE]
[29 ott 2019 15:39:42]   Found 'assignement' [type = TABLE]
[29 ott 2019 15:39:42]   Found 'bed_place' [type = TABLE]
[29 ott 2019 15:39:42]   Found 'city' [type = TABLE]
[29 ott 2019 15:39:42]   Found 'clinical_surgery' [type = TABLE]
[29 ott 2019 15:39:42]   Found 'country' [type = TABLE]
[29 ott 2019 15:39:42]   Found 'doctor' [type = TABLE]
[29 ott 2019 15:39:42]   Found 'drug' [type = TABLE]
[29 ott 2019 15:39:42]   Found 'drug_description' [type = TABLE]
[29 ott 2019 15:39:42]   Found 'drug_prescription' [type = TABLE]
[29 ott 2019 15:39:42]   Found 'emergency_code' [type = TABLE]
[29 ott 2019 15:39:42]   Found 'emergency_operation' [type = TABLE]
[29 ott 2019 15:39:42]   Found 'emergency_room' [type = TABLE]
[29 ott 2019 15:39:42]   Found 'group' [type = TABLE]
[29 ott 2019 15:39:42]   Found 'group_module' [type = TABLE]
[29 ott 2019 15:39:42]   Found 'hospital' [type = TABLE]
[29 ott 2019 15:39:42]   Found 'medical_specialization' [type = TABLE]
[29 ott 2019 15:39:42]   Found 'module' [type = TABLE]
[29 ott 2019 15:39:42]   Found 'patient' [type = TABLE]
[29 ott 2019 15:39:42]   Found 'pharmacist' [type = TABLE]
[29 ott 2019 15:39:42]   Found 'pharmacy' [type = TABLE]
[29 ott 2019 15:39:42]   Found 'quantity_drug' [type = TABLE]
[29 ott 2019 15:39:42]   Found 'recovery' [type = TABLE]
[29 ott 2019 15:39:42]   Found 'recovery_room' [type = TABLE]
[29 ott 2019 15:39:42]   Found 'room' [type = TABLE]
[29 ott 2019 15:39:42]   Found 'surgery_room' [type = TABLE]
[29 ott 2019 15:39:42]   Found 'user' [type = TABLE]
[29 ott 2019 15:39:42]   Found 'user_group' [type = TABLE]
[29 ott 2019 15:39:42]   Found 'visit' [type = TABLE]
[29 ott 2019 15:39:42]   Found 'visit_room' [type = TABLE]
[29 ott 2019 15:39:42]   Found 'with_prescription' [type = TABLE]
[29 ott 2019 15:39:42]   Found 'without_prescription' [type = TABLE]
[29 ott 2019 15:39:42] Retrieving columns for 'action' [type = TABLE]
[29 ott 2019 15:39:42]   Found column: oid [type = INT][SQL/XOPEN type = 4][size = 10][dec. digits = 0]
[29 ott 2019 15:39:42]   Found column: title [type = VARCHAR][SQL/XOPEN type = 12][size = 255][dec. digits = 0]
[29 ott 2019 15:39:42]   Found column: description [type = LONGTEXT][SQL/XOPEN type = -1][size = 2147483647][dec. digits = 0]
[29 ott 2019 15:39:42]   Found column: startdate [type = DATE][SQL/XOPEN type = 91][size = 10][dec. digits = 0]
[29 ott 2019 15:39:42]   Found column: endtime [type = TIME][SQL/XOPEN type = 92][size = 8][dec. digits = 0]
[29 ott 2019 15:39:42]   Found column: starttime [type = TIME][SQL/XOPEN type = 92][size = 8][dec. digits = 0]
[29 ott 2019 15:39:42]   Found column: enddate [type = DATE][SQL/XOPEN type = 91][size = 10][dec. digits = 0]
[29 ott 2019 15:39:42]   Found column: patient_patient_code [type = VARCHAR][SQL/XOPEN type = 12][size = 255][dec. digits = 0]
[29 ott 2019 15:39:42]   Found column: doctor_doctor_code [type = VARCHAR][SQL/XOPEN type = 12][size = 255][dec. digits = 0]
[29 ott 2019 15:39:42] Retrieving primary keys for 'action' [type = TABLE]
[29 ott 2019 15:39:42]   Found primary key column: oid
[29 ott 2019 15:39:42] Retrieving columns for 'assignement' [type = TABLE]
[29 ott 2019 15:39:42]   Found column: oid [type = INT][SQL/XOPEN type = 4][size = 10][dec. digits = 0]
[29 ott 2019 15:39:42]   Found column: quantity [type = INT][SQL/XOPEN type = 4][size = 10][dec. digits = 0]
[29 ott 2019 15:39:42]   Found column: date [type = DATETIME][SQL/XOPEN type = 93][size = 19][dec. digits = 0]
[29 ott 2019 15:39:42]   Found column: pharmacist_pharmacist_code [type = VARCHAR][SQL/XOPEN type = 12][size = 255][dec. digits = 0]
[29 ott 2019 15:39:42] Retrieving primary keys for 'assignement' [type = TABLE]
[29 ott 2019 15:39:42]   Found primary key column: oid
[29 ott 2019 15:39:42] Retrieving columns for 'bed_place' [type = TABLE]
[29 ott 2019 15:39:42]   Found column: oid [type = INT][SQL/XOPEN type = 4][size = 10][dec. digits = 0]
[29 ott 2019 15:39:42]   Found column: recovery_room_id_room [type = INT][SQL/XOPEN type = 4][size = 10][dec. digits = 0]
[29 ott 2019 15:39:42] Retrieving primary keys for 'bed_place' [type = TABLE]
[29 ott 2019 15:39:42]   Found primary key column: oid
[29 ott 2019 15:39:42] Retrieving columns for 'city' [type = TABLE]
[29 ott 2019 15:39:42]   Found column: oid [type = INT][SQL/XOPEN type = 4][size = 10][dec. digits = 0]
[29 ott 2019 15:39:42]   Found column: name [type = VARCHAR][SQL/XOPEN type = 12][size = 255][dec. digits = 0]
[29 ott 2019 15:39:42]   Found column: country_oid [type = INT][SQL/XOPEN type = 4][size = 10][dec. digits = 0]
[29 ott 2019 15:39:42] Retrieving primary keys for 'city' [type = TABLE]
[29 ott 2019 15:39:42]   Found primary key column: oid
[29 ott 2019 15:39:42] Retrieving columns for 'clinical_surgery' [type = TABLE]
[29 ott 2019 15:39:42]   Found column: action_oid [type = INT][SQL/XOPEN type = 4][size = 10][dec. digits = 0]
[29 ott 2019 15:39:42]   Found column: surgery_room_id_room [type = INT][SQL/XOPEN type = 4][size = 10][dec. digits = 0]
[29 ott 2019 15:39:42] Retrieving primary keys for 'clinical_surgery' [type = TABLE]
[29 ott 2019 15:39:42]   Found primary key column: action_oid
[29 ott 2019 15:39:42] Retrieving columns for 'country' [type = TABLE]
[29 ott 2019 15:39:42]   Found column: oid [type = INT][SQL/XOPEN type = 4][size = 10][dec. digits = 0]
[29 ott 2019 15:39:42]   Found column: name [type = VARCHAR][SQL/XOPEN type = 12][size = 255][dec. digits = 0]
[29 ott 2019 15:39:42] Retrieving primary keys for 'country' [type = TABLE]
[29 ott 2019 15:39:43]   Found primary key column: oid
[29 ott 2019 15:39:43] Retrieving columns for 'doctor' [type = TABLE]
[29 ott 2019 15:39:43]   Found column: doctor_code [type = VARCHAR][SQL/XOPEN type = 12][size = 255][dec. digits = 0]
[29 ott 2019 15:39:43]   Found column: approved [type = INT][SQL/XOPEN type = 4][size = 10][dec. digits = 0]
[29 ott 2019 15:39:43]   Found column: hospital_id_hospital [type = INT][SQL/XOPEN type = 4][size = 10][dec. digits = 0]
[29 ott 2019 15:39:43]   Found column: user_cf [type = VARCHAR][SQL/XOPEN type = 12][size = 255][dec. digits = 0]
[29 ott 2019 15:39:43]   Found column: medical_specialization_namespe [type = VARCHAR][SQL/XOPEN type = 12][size = 255][dec. digits = 0]
[29 ott 2019 15:39:43] Retrieving primary keys for 'doctor' [type = TABLE]
[29 ott 2019 15:39:43]   Found primary key column: doctor_code
[29 ott 2019 15:39:43] Retrieving columns for 'drug' [type = TABLE]
[29 ott 2019 15:39:43]   Found column: id [type = INT][SQL/XOPEN type = 4][size = 10][dec. digits = 0]
[29 ott 2019 15:39:43]   Found column: isstandard [type = BIT][SQL/XOPEN type = -7][size = 1][dec. digits = 0]
[29 ott 2019 15:39:43]   Found column: name [type = VARCHAR][SQL/XOPEN type = 12][size = 255][dec. digits = 0]
[29 ott 2019 15:39:43] Retrieving primary keys for 'drug' [type = TABLE]
[29 ott 2019 15:39:43]   Found primary key column: id
[29 ott 2019 15:39:43] Retrieving columns for 'drug_description' [type = TABLE]
[29 ott 2019 15:39:43]   Found column: name [type = VARCHAR][SQL/XOPEN type = 12][size = 255][dec. digits = 0]
[29 ott 2019 15:39:43]   Found column: drug_id [type = INT][SQL/XOPEN type = 4][size = 10][dec. digits = 0]
[29 ott 2019 15:39:43] Retrieving primary keys for 'drug_description' [type = TABLE]
[29 ott 2019 15:39:43]   Found primary key column: name
[29 ott 2019 15:39:43] Retrieving columns for 'drug_prescription' [type = TABLE]
[29 ott 2019 15:39:43]   Found column: oid [type = INT][SQL/XOPEN type = 4][size = 10][dec. digits = 0]
[29 ott 2019 15:39:43]   Found column: quantity [type = INT][SQL/XOPEN type = 4][size = 10][dec. digits = 0]
[29 ott 2019 15:39:43]   Found column: description [type = LONGTEXT][SQL/XOPEN type = -1][size = 2147483647][dec. digits = 0]
[29 ott 2019 15:39:43]   Found column: assigned [type = INT][SQL/XOPEN type = 4][size = 10][dec. digits = 0]
[29 ott 2019 15:39:43]   Found column: visit_oid [type = INT][SQL/XOPEN type = 4][size = 10][dec. digits = 0]
[29 ott 2019 15:39:43]   Found column: drug_id [type = INT][SQL/XOPEN type = 4][size = 10][dec. digits = 0]
[29 ott 2019 15:39:43] Retrieving primary keys for 'drug_prescription' [type = TABLE]
[29 ott 2019 15:39:43]   Found primary key column: oid
[29 ott 2019 15:39:43] Retrieving columns for 'emergency_code' [type = TABLE]
[29 ott 2019 15:39:43]   Found column: code [type = VARCHAR][SQL/XOPEN type = 12][size = 255][dec. digits = 0]
[29 ott 2019 15:39:43] Retrieving primary keys for 'emergency_code' [type = TABLE]
[29 ott 2019 15:39:43]   Found primary key column: code
[29 ott 2019 15:39:43] Retrieving columns for 'emergency_operation' [type = TABLE]
[29 ott 2019 15:39:43]   Found column: action_oid [type = INT][SQL/XOPEN type = 4][size = 10][dec. digits = 0]
[29 ott 2019 15:39:43]   Found column: emergency_code_code [type = VARCHAR][SQL/XOPEN type = 12][size = 255][dec. digits = 0]
[29 ott 2019 15:39:43]   Found column: emergency_room_oid [type = INT][SQL/XOPEN type = 4][size = 10][dec. digits = 0]
[29 ott 2019 15:39:43] Retrieving primary keys for 'emergency_operation' [type = TABLE]
[29 ott 2019 15:39:43]   Found primary key column: action_oid
[29 ott 2019 15:39:43] Retrieving columns for 'emergency_room' [type = TABLE]
[29 ott 2019 15:39:43]   Found column: oid [type = INT][SQL/XOPEN type = 4][size = 10][dec. digits = 0]
[29 ott 2019 15:39:43]   Found column: hospital_id_hospital [type = INT][SQL/XOPEN type = 4][size = 10][dec. digits = 0]
[29 ott 2019 15:39:43] Retrieving primary keys for 'emergency_room' [type = TABLE]
[29 ott 2019 15:39:43]   Found primary key column: oid
[29 ott 2019 15:39:43] Retrieving columns for 'group' [type = TABLE]
[29 ott 2019 15:39:43]   Found column: oid [type = INT][SQL/XOPEN type = 4][size = 10][dec. digits = 0]
[29 ott 2019 15:39:43]   Found column: groupname [type = VARCHAR][SQL/XOPEN type = 12][size = 255][dec. digits = 0]
[29 ott 2019 15:39:43]   Found column: module_oid [type = INT][SQL/XOPEN type = 4][size = 10][dec. digits = 0]
[29 ott 2019 15:39:43] Retrieving primary keys for 'group' [type = TABLE]
[29 ott 2019 15:39:43]   Found primary key column: oid
[29 ott 2019 15:39:43] Retrieving columns for 'group_module' [type = TABLE]
[29 ott 2019 15:39:43]   Found column: group_oid [type = INT][SQL/XOPEN type = 4][size = 10][dec. digits = 0]
[29 ott 2019 15:39:43]   Found column: module_oid [type = INT][SQL/XOPEN type = 4][size = 10][dec. digits = 0]
[29 ott 2019 15:39:43] Retrieving primary keys for 'group_module' [type = TABLE]
[29 ott 2019 15:39:43]   Found primary key column: group_oid
[29 ott 2019 15:39:43]   Found primary key column: module_oid
[29 ott 2019 15:39:43] Retrieving columns for 'hospital' [type = TABLE]
[29 ott 2019 15:39:43]   Found column: id_hospital [type = INT][SQL/XOPEN type = 4][size = 10][dec. digits = 0]
[29 ott 2019 15:39:43]   Found column: address [type = VARCHAR][SQL/XOPEN type = 12][size = 255][dec. digits = 0]
[29 ott 2019 15:39:43]   Found column: name [type = VARCHAR][SQL/XOPEN type = 12][size = 255][dec. digits = 0]
[29 ott 2019 15:39:43]   Found column: telephone [type = VARCHAR][SQL/XOPEN type = 12][size = 255][dec. digits = 0]
[29 ott 2019 15:39:43]   Found column: website [type = VARCHAR][SQL/XOPEN type = 12][size = 255][dec. digits = 0]
[29 ott 2019 15:39:43]   Found column: city_oid [type = INT][SQL/XOPEN type = 4][size = 10][dec. digits = 0]
[29 ott 2019 15:39:43] Retrieving primary keys for 'hospital' [type = TABLE]
[29 ott 2019 15:39:43]   Found primary key column: id_hospital
[29 ott 2019 15:39:43] Retrieving columns for 'medical_specialization' [type = TABLE]
[29 ott 2019 15:39:43]   Found column: namespecialization [type = VARCHAR][SQL/XOPEN type = 12][size = 255][dec. digits = 0]
[29 ott 2019 15:39:43] Retrieving primary keys for 'medical_specialization' [type = TABLE]
[29 ott 2019 15:39:43]   Found primary key column: namespecialization
[29 ott 2019 15:39:43] Retrieving columns for 'module' [type = TABLE]
[29 ott 2019 15:39:43]   Found column: oid [type = INT][SQL/XOPEN type = 4][size = 10][dec. digits = 0]
[29 ott 2019 15:39:43]   Found column: moduleid [type = VARCHAR][SQL/XOPEN type = 12][size = 255][dec. digits = 0]
[29 ott 2019 15:39:43]   Found column: modulename [type = VARCHAR][SQL/XOPEN type = 12][size = 255][dec. digits = 0]
[29 ott 2019 15:39:43] Retrieving primary keys for 'module' [type = TABLE]
[29 ott 2019 15:39:43]   Found primary key column: oid
[29 ott 2019 15:39:43] Retrieving columns for 'patient' [type = TABLE]
[29 ott 2019 15:39:43]   Found column: weight [type = INT][SQL/XOPEN type = 4][size = 10][dec. digits = 0]
[29 ott 2019 15:39:43]   Found column: height [type = INT][SQL/XOPEN type = 4][size = 10][dec. digits = 0]
[29 ott 2019 15:39:43]   Found column: approved [type = INT][SQL/XOPEN type = 4][size = 10][dec. digits = 0]
[29 ott 2019 15:39:43]   Found column: patient_code [type = VARCHAR][SQL/XOPEN type = 12][size = 255][dec. digits = 0]
[29 ott 2019 15:39:43]   Found column: user_cf [type = VARCHAR][SQL/XOPEN type = 12][size = 255][dec. digits = 0]
[29 ott 2019 15:39:43] Retrieving primary keys for 'patient' [type = TABLE]
[29 ott 2019 15:39:43]   Found primary key column: patient_code
[29 ott 2019 15:39:43] Retrieving columns for 'pharmacist' [type = TABLE]
[29 ott 2019 15:39:43]   Found column: pharmacist_code [type = VARCHAR][SQL/XOPEN type = 12][size = 255][dec. digits = 0]
[29 ott 2019 15:39:43]   Found column: approved [type = INT][SQL/XOPEN type = 4][size = 10][dec. digits = 0]
[29 ott 2019 15:39:43]   Found column: pharmacy_oid [type = INT][SQL/XOPEN type = 4][size = 10][dec. digits = 0]
[29 ott 2019 15:39:43]   Found column: user_cf [type = VARCHAR][SQL/XOPEN type = 12][size = 255][dec. digits = 0]
[29 ott 2019 15:39:43] Retrieving primary keys for 'pharmacist' [type = TABLE]
[29 ott 2019 15:39:43]   Found primary key column: pharmacist_code
[29 ott 2019 15:39:43] Retrieving columns for 'pharmacy' [type = TABLE]
[29 ott 2019 15:39:43]   Found column: oid [type = INT][SQL/XOPEN type = 4][size = 10][dec. digits = 0]
[29 ott 2019 15:39:43]   Found column: name [type = VARCHAR][SQL/XOPEN type = 12][size = 255][dec. digits = 0]
[29 ott 2019 15:39:43]   Found column: address [type = VARCHAR][SQL/XOPEN type = 12][size = 255][dec. digits = 0]
[29 ott 2019 15:39:43]   Found column: telephone [type = VARCHAR][SQL/XOPEN type = 12][size = 255][dec. digits = 0]
[29 ott 2019 15:39:43]   Found column: website [type = VARCHAR][SQL/XOPEN type = 12][size = 255][dec. digits = 0]
[29 ott 2019 15:39:43]   Found column: city_oid [type = INT][SQL/XOPEN type = 4][size = 10][dec. digits = 0]
[29 ott 2019 15:39:43] Retrieving primary keys for 'pharmacy' [type = TABLE]
[29 ott 2019 15:39:43]   Found primary key column: oid
[29 ott 2019 15:39:43] Retrieving columns for 'quantity_drug' [type = TABLE]
[29 ott 2019 15:39:43]   Found column: quantity [type = INT][SQL/XOPEN type = 4][size = 10][dec. digits = 0]
[29 ott 2019 15:39:43]   Found column: oid [type = INT][SQL/XOPEN type = 4][size = 10][dec. digits = 0]
[29 ott 2019 15:39:43]   Found column: pharmacy_oid [type = INT][SQL/XOPEN type = 4][size = 10][dec. digits = 0]
[29 ott 2019 15:39:43]   Found column: drug_id [type = INT][SQL/XOPEN type = 4][size = 10][dec. digits = 0]
[29 ott 2019 15:39:43] Retrieving primary keys for 'quantity_drug' [type = TABLE]
[29 ott 2019 15:39:43]   Found primary key column: oid
[29 ott 2019 15:39:43] Retrieving columns for 'recovery' [type = TABLE]
[29 ott 2019 15:39:43]   Found column: action_oid [type = INT][SQL/XOPEN type = 4][size = 10][dec. digits = 0]
[29 ott 2019 15:39:43]   Found column: bed_place_oid [type = INT][SQL/XOPEN type = 4][size = 10][dec. digits = 0]
[29 ott 2019 15:39:43] Retrieving primary keys for 'recovery' [type = TABLE]
[29 ott 2019 15:39:43]   Found primary key column: action_oid
[29 ott 2019 15:39:43] Retrieving columns for 'recovery_room' [type = TABLE]
[29 ott 2019 15:39:43]   Found column: room_id_room [type = INT][SQL/XOPEN type = 4][size = 10][dec. digits = 0]
[29 ott 2019 15:39:43] Retrieving primary keys for 'recovery_room' [type = TABLE]
[29 ott 2019 15:39:43]   Found primary key column: room_id_room
[29 ott 2019 15:39:43] Retrieving columns for 'room' [type = TABLE]
[29 ott 2019 15:39:43]   Found column: id_room [type = INT][SQL/XOPEN type = 4][size = 10][dec. digits = 0]
[29 ott 2019 15:39:43]   Found column: floor [type = VARCHAR][SQL/XOPEN type = 12][size = 255][dec. digits = 0]
[29 ott 2019 15:39:43]   Found column: name [type = VARCHAR][SQL/XOPEN type = 12][size = 255][dec. digits = 0]
[29 ott 2019 15:39:43]   Found column: hospital_id_hospital [type = INT][SQL/XOPEN type = 4][size = 10][dec. digits = 0]
[29 ott 2019 15:39:43] Retrieving primary keys for 'room' [type = TABLE]
[29 ott 2019 15:39:43]   Found primary key column: id_room
[29 ott 2019 15:39:43] Retrieving columns for 'surgery_room' [type = TABLE]
[29 ott 2019 15:39:43]   Found column: room_id_room [type = INT][SQL/XOPEN type = 4][size = 10][dec. digits = 0]
[29 ott 2019 15:39:43] Retrieving primary keys for 'surgery_room' [type = TABLE]
[29 ott 2019 15:39:43]   Found primary key column: room_id_room
[29 ott 2019 15:39:43] Retrieving columns for 'user' [type = TABLE]
[29 ott 2019 15:39:43]   Found column: cf [type = VARCHAR][SQL/XOPEN type = 12][size = 255][dec. digits = 0]
[29 ott 2019 15:39:43]   Found column: username [type = VARCHAR][SQL/XOPEN type = 12][size = 255][dec. digits = 0]
[29 ott 2019 15:39:43]   Found column: password [type = VARCHAR][SQL/XOPEN type = 12][size = 255][dec. digits = 0]
[29 ott 2019 15:39:43]   Found column: email [type = VARCHAR][SQL/XOPEN type = 12][size = 255][dec. digits = 0]
[29 ott 2019 15:39:43]   Found column: name [type = VARCHAR][SQL/XOPEN type = 12][size = 255][dec. digits = 0]
[29 ott 2019 15:39:43]   Found column: surname [type = VARCHAR][SQL/XOPEN type = 12][size = 255][dec. digits = 0]
[29 ott 2019 15:39:43]   Found column: birthday [type = DATE][SQL/XOPEN type = 91][size = 10][dec. digits = 0]
[29 ott 2019 15:39:43]   Found column: address [type = VARCHAR][SQL/XOPEN type = 12][size = 255][dec. digits = 0]
[29 ott 2019 15:39:43]   Found column: telephone [type = VARCHAR][SQL/XOPEN type = 12][size = 255][dec. digits = 0]
[29 ott 2019 15:39:43]   Found column: gender [type = VARCHAR][SQL/XOPEN type = 12][size = 255][dec. digits = 0]
[29 ott 2019 15:39:43]   Found column: code [type = VARCHAR][SQL/XOPEN type = 12][size = 255][dec. digits = 0]
[29 ott 2019 15:39:43]   Found column: expiration_date [type = DATE][SQL/XOPEN type = 91][size = 10][dec. digits = 0]
[29 ott 2019 15:39:43]   Found column: group_oid [type = INT][SQL/XOPEN type = 4][size = 10][dec. digits = 0]
[29 ott 2019 15:39:43]   Found column: city_oid [type = INT][SQL/XOPEN type = 4][size = 10][dec. digits = 0]
[29 ott 2019 15:39:43]   Found column: city_oid_2 [type = INT][SQL/XOPEN type = 4][size = 10][dec. digits = 0]
[29 ott 2019 15:39:43] Retrieving primary keys for 'user' [type = TABLE]
[29 ott 2019 15:39:43]   Found primary key column: cf
[29 ott 2019 15:39:43] Retrieving columns for 'user_group' [type = TABLE]
[29 ott 2019 15:39:43]   Found column: user_cf [type = VARCHAR][SQL/XOPEN type = 12][size = 255][dec. digits = 0]
[29 ott 2019 15:39:43]   Found column: group_oid [type = INT][SQL/XOPEN type = 4][size = 10][dec. digits = 0]
[29 ott 2019 15:39:43] Retrieving primary keys for 'user_group' [type = TABLE]
[29 ott 2019 15:39:43]   Found primary key column: user_cf
[29 ott 2019 15:39:43]   Found primary key column: group_oid
[29 ott 2019 15:39:43] Retrieving columns for 'visit' [type = TABLE]
[29 ott 2019 15:39:43]   Found column: action_oid [type = INT][SQL/XOPEN type = 4][size = 10][dec. digits = 0]
[29 ott 2019 15:39:43]   Found column: visit_room_id_room [type = INT][SQL/XOPEN type = 4][size = 10][dec. digits = 0]
[29 ott 2019 15:39:43] Retrieving primary keys for 'visit' [type = TABLE]
[29 ott 2019 15:39:43]   Found primary key column: action_oid
[29 ott 2019 15:39:43] Retrieving columns for 'visit_room' [type = TABLE]
[29 ott 2019 15:39:43]   Found column: room_id_room [type = INT][SQL/XOPEN type = 4][size = 10][dec. digits = 0]
[29 ott 2019 15:39:43]   Found column: medical_specialization_namespe [type = VARCHAR][SQL/XOPEN type = 12][size = 255][dec. digits = 0]
[29 ott 2019 15:39:43] Retrieving primary keys for 'visit_room' [type = TABLE]
[29 ott 2019 15:39:43]   Found primary key column: room_id_room
[29 ott 2019 15:39:43] Retrieving columns for 'with_prescription' [type = TABLE]
[29 ott 2019 15:39:43]   Found column: assignement_oid [type = INT][SQL/XOPEN type = 4][size = 10][dec. digits = 0]
[29 ott 2019 15:39:43]   Found column: drug_prescription_oid [type = INT][SQL/XOPEN type = 4][size = 10][dec. digits = 0]
[29 ott 2019 15:39:43] Retrieving primary keys for 'with_prescription' [type = TABLE]
[29 ott 2019 15:39:43]   Found primary key column: assignement_oid
[29 ott 2019 15:39:43] Retrieving columns for 'without_prescription' [type = TABLE]
[29 ott 2019 15:39:43]   Found column: assignement_oid [type = INT][SQL/XOPEN type = 4][size = 10][dec. digits = 0]
[29 ott 2019 15:39:43]   Found column: patient_patient_code [type = VARCHAR][SQL/XOPEN type = 12][size = 255][dec. digits = 0]
[29 ott 2019 15:39:43]   Found column: drug_id [type = INT][SQL/XOPEN type = 4][size = 10][dec. digits = 0]
[29 ott 2019 15:39:43] Retrieving primary keys for 'without_prescription' [type = TABLE]
[29 ott 2019 15:39:43]   Found primary key column: assignement_oid
[29 ott 2019 15:39:43] Database metadata retrieved (238 ms)
[29 ott 2019 15:39:43] Retrieving auto-increment columns for 'action' [type = TABLE]
[29 ott 2019 15:39:43] Retrieving auto-increment columns for 'assignement' [type = TABLE]
[29 ott 2019 15:39:43] Retrieving auto-increment columns for 'bed_place' [type = TABLE]
[29 ott 2019 15:39:43] Retrieving auto-increment columns for 'city' [type = TABLE]
[29 ott 2019 15:39:43] Retrieving auto-increment columns for 'clinical_surgery' [type = TABLE]
[29 ott 2019 15:39:43] Retrieving auto-increment columns for 'country' [type = TABLE]
[29 ott 2019 15:39:43] Retrieving auto-increment columns for 'doctor' [type = TABLE]
[29 ott 2019 15:39:43] Retrieving auto-increment columns for 'drug' [type = TABLE]
[29 ott 2019 15:39:43] Retrieving auto-increment columns for 'drug_description' [type = TABLE]
[29 ott 2019 15:39:43] Retrieving auto-increment columns for 'drug_prescription' [type = TABLE]
[29 ott 2019 15:39:43] Retrieving auto-increment columns for 'emergency_code' [type = TABLE]
[29 ott 2019 15:39:43] Retrieving auto-increment columns for 'emergency_operation' [type = TABLE]
[29 ott 2019 15:39:43] Retrieving auto-increment columns for 'emergency_room' [type = TABLE]
[29 ott 2019 15:39:43] Retrieving auto-increment columns for 'group' [type = TABLE]
[29 ott 2019 15:39:43] Retrieving auto-increment columns for 'group_module' [type = TABLE]
[29 ott 2019 15:39:43] Retrieving auto-increment columns for 'hospital' [type = TABLE]
[29 ott 2019 15:39:43] Retrieving auto-increment columns for 'medical_specialization' [type = TABLE]
[29 ott 2019 15:39:43] Retrieving auto-increment columns for 'module' [type = TABLE]
[29 ott 2019 15:39:43] Retrieving auto-increment columns for 'patient' [type = TABLE]
[29 ott 2019 15:39:43] Retrieving auto-increment columns for 'pharmacist' [type = TABLE]
[29 ott 2019 15:39:43] Retrieving auto-increment columns for 'pharmacy' [type = TABLE]
[29 ott 2019 15:39:43] Retrieving auto-increment columns for 'quantity_drug' [type = TABLE]
[29 ott 2019 15:39:43] Retrieving auto-increment columns for 'recovery' [type = TABLE]
[29 ott 2019 15:39:43] Retrieving auto-increment columns for 'recovery_room' [type = TABLE]
[29 ott 2019 15:39:43] Retrieving auto-increment columns for 'room' [type = TABLE]
[29 ott 2019 15:39:43] Retrieving auto-increment columns for 'surgery_room' [type = TABLE]
[29 ott 2019 15:39:43] Retrieving auto-increment columns for 'user' [type = TABLE]
[29 ott 2019 15:39:43] Retrieving auto-increment columns for 'user_group' [type = TABLE]
[29 ott 2019 15:39:43] Retrieving auto-increment columns for 'visit' [type = TABLE]
[29 ott 2019 15:39:43] Retrieving auto-increment columns for 'visit_room' [type = TABLE]
[29 ott 2019 15:39:43] Retrieving auto-increment columns for 'with_prescription' [type = TABLE]
[29 ott 2019 15:39:43] Retrieving auto-increment columns for 'without_prescription' [type = TABLE]
[29 ott 2019 15:39:43] Database connection closed
